d:\code\mycode\v2 credential provider sample\c++\x64\debug\vc120.pdb
d:\code\mycode\v2 credential provider sample\c++\x64\debug\vc120.idb
d:\code\mycode\v2 credential provider sample\c++\x64\debug\csamplecredential.obj
d:\code\mycode\v2 credential provider sample\c++\x64\debug\csampleprovider.obj
d:\code\mycode\v2 credential provider sample\c++\x64\debug\dll.obj
d:\code\mycode\v2 credential provider sample\c++\x64\debug\guid.obj
d:\code\mycode\v2 credential provider sample\c++\x64\debug\helpers.obj
d:\code\mycode\v2 credential provider sample\c++\x64\debug\samplev2credentialprovider.ilk
d:\code\mycode\v2 credential provider sample\c++\x64\debug\samplev2credentialprovider.dll
d:\code\mycode\v2 credential provider sample\c++\x64\debug\samplev2credentialprovider.pdb
d:\code\mycode\v2 credential provider sample\c++\x64\debug\resources.res
d:\code\mycode\v2 credential provider sample\c++\x64\debug\samplev2credentialprovider.lib
d:\code\mycode\v2 credential provider sample\c++\x64\debug\samplev2credentialprovider.exp
d:\code\mycode\v2 credential provider sample\c++\x64\debug\samplev2.98e74d71.tlog\cl.command.1.tlog
d:\code\mycode\v2 credential provider sample\c++\x64\debug\samplev2.98e74d71.tlog\cl.read.1.tlog
d:\code\mycode\v2 credential provider sample\c++\x64\debug\samplev2.98e74d71.tlog\cl.write.1.tlog
d:\code\mycode\v2 credential provider sample\c++\x64\debug\samplev2.98e74d71.tlog\link.command.1.tlog
d:\code\mycode\v2 credential provider sample\c++\x64\debug\samplev2.98e74d71.tlog\link.read.1.tlog
d:\code\mycode\v2 credential provider sample\c++\x64\debug\samplev2.98e74d71.tlog\link.write.1.tlog
d:\code\mycode\v2 credential provider sample\c++\x64\debug\samplev2.98e74d71.tlog\rc.command.1.tlog
d:\code\mycode\v2 credential provider sample\c++\x64\debug\samplev2.98e74d71.tlog\rc.read.1.tlog
d:\code\mycode\v2 credential provider sample\c++\x64\debug\samplev2.98e74d71.tlog\rc.write.1.tlog
d:\code\mycode\v2 credential provider sample\c++\x64\debug\samplev2.98e74d71.tlog\samplev2credentialprovider.write.1u.tlog
